d:\work\cpp\cpp-study\tasks-cpp\tasks-cpp\x64\debug\vc143.pdb
d:\work\cpp\cpp-study\tasks-cpp\tasks-cpp\x64\debug\vc143.idb
d:\work\cpp\cpp-study\tasks-cpp\tasks-cpp\x64\debug\tower.obj
d:\work\cpp\cpp-study\tasks-cpp\tasks-cpp\x64\debug\string.obj
d:\work\cpp\cpp-study\tasks-cpp\tasks-cpp\x64\debug\source.obj
d:\work\cpp\cpp-study\tasks-cpp\tasks-cpp\x64\debug\game-hi-lo.obj
d:\work\cpp\cpp-study\tasks-cpp\tasks-cpp\x64\debug\escape.obj
d:\work\cpp\cpp-study\tasks-cpp\tasks-cpp\x64\debug\cycle.obj
d:\work\cpp\cpp-study\tasks-cpp\tasks-cpp\x64\debug\branching.obj
d:\work\cpp\cpp-study\tasks-cpp\tasks-cpp\x64\debug\arithmetic.obj
d:\work\cpp\cpp-study\tasks-cpp\tasks-cpp\x64\debug\algorithms.obj
d:\work\cpp\cpp-study\tasks-cpp\tasks-cpp\x64\debug\add.obj
d:\work\cpp\cpp-study\tasks-cpp\tasks-cpp\x64\debug\05gl.obj
d:\work\cpp\cpp-study\tasks-cpp\tasks-cpp\x64\debug\04gl.obj
d:\work\cpp\cpp-study\tasks-cpp\tasks-cpp\x64\debug\03gl.obj
d:\work\cpp\cpp-study\tasks-cpp\tasks-cpp\x64\debug\02gl.obj
d:\work\cpp\cpp-study\tasks-cpp\tasks-cpp\x64\debug\hard.obj
d:\work\cpp\cpp-study\tasks-cpp\tasks-cpp\x64\debug\06gl.obj
d:\work\cpp\cpp-study\tasks-cpp\tasks-cpp\x64\debug\iostream.obj
d:\work\cpp\cpp-study\tasks-cpp\tasks-cpp\x64\debug\input.obj
d:\work\cpp\cpp-study\tasks-cpp\x64\debug\tasks-cpp.exe
d:\work\cpp\cpp-study\tasks-cpp\tasks-cpp\x64\debug\tasks-cpp.ilk
d:\work\cpp\cpp-study\tasks-cpp\x64\debug\tasks-cpp.pdb
d:\work\cpp\cpp-study\tasks-cpp\tasks-cpp\x64\debug\tasks-cpp.tlog\cl.command.1.tlog
d:\work\cpp\cpp-study\tasks-cpp\tasks-cpp\x64\debug\tasks-cpp.tlog\cl.read.1.tlog
d:\work\cpp\cpp-study\tasks-cpp\tasks-cpp\x64\debug\tasks-cpp.tlog\cl.write.1.tlog
d:\work\cpp\cpp-study\tasks-cpp\tasks-cpp\x64\debug\tasks-cpp.tlog\link.command.1.tlog
d:\work\cpp\cpp-study\tasks-cpp\tasks-cpp\x64\debug\tasks-cpp.tlog\link.read.1.tlog
d:\work\cpp\cpp-study\tasks-cpp\tasks-cpp\x64\debug\tasks-cpp.tlog\link.write.1.tlog
